<?xml version="1.0" encoding="UTF-8"?>
<!-- Generated by org.testng.reporters.JUnitXMLReporter -->
<testsuite ignored="0" hostname="Abhishek" failures="0" tests="2" name="Banking Application Test" time="31.308" errors="0" timestamp="2022-01-28T13:56:31 IST">
  <testcase classname="com.banking.testCases.TC_LoginTest_001" name="LoginTest" time="1.265"/>
  <testcase classname="com.banking.testCases.TC_AddCustomerTest_003" name="addNewCustomer" time="16.177"/>
</testsuite> <!-- Banking Application Test -->
