<?xml version="1.0" encoding="UTF-8"?>
<testsuite xmlns:xsi="http://www.w3.org/2001/XMLSchema-instance" xsi:noNamespaceSchemaLocation="https://maven.apache.org/surefire/maven-surefire-plugin/xsd/surefire-test-report-3.0.xsd" version="3.0" name="TestSuite" time="32.063" tests="2" errors="0" skipped="0" failures="0">
  <properties>
[...]
</properties>
  <testcase name="LoginTest" classname="com.banking.testCases.TC_LoginTest_001" time="1.263">
    <system-out><![CDATA[01-28-2022 13:56:01 BaseClass.java INFO  [main] BANKING 46 - Chrome Browser Opened
01-28-2022 13:56:08 BaseClass.java INFO  [main] BANKING 64 - URL Opened
01-28-2022 13:56:09 TC_LoginTest_001.java INFO  [main] BANKING 18 - Entered Username
01-28-2022 13:56:09 TC_LoginTest_001.java INFO  [main] BANKING 21 - Entered Password
01-28-2022 13:56:10 TC_LoginTest_001.java INFO  [main] BANKING 28 - User Logged In
01-28-2022 13:56:10 TC_LoginTest_001.java INFO  [main] BANKING 29 - Login Test Passed
]]></system-out>
    <system-err><![CDATA[SLF4J: Failed to load class "org.slf4j.impl.StaticLoggerBinder".
SLF4J: Defaulting to no-operation (NOP) logger implementation
SLF4J: See http://www.slf4j.org/codes.html#StaticLoggerBinder for further details.
log4j:ERROR Could not find value for key log4j.appender.CONSOLE
log4j:ERROR Could not instantiate appender named "CONSOLE".
Starting ChromeDriver 97.0.4692.71 (adefa7837d02a07a604c1e6eff0b3a09422ab88d-refs/branch-heads/4692@{#1247}) on port 5168
Only local connections are allowed.
Please see https://chromedriver.chromium.org/security-considerations for suggestions on keeping ChromeDriver safe.
ChromeDriver was started successfully.
Jan 28, 2022 1:56:01 PM org.openqa.selenium.remote.ProtocolHandshake createSession
INFO: Detected dialect: W3C
]]></system-err>
  </testcase>
  <testcase name="addNewCustomer" classname="com.banking.testCases.TC_AddCustomerTest_003" time="16.171">
    <system-out><![CDATA[01-28-2022 13:56:11 BaseClass.java INFO  [main] BANKING 46 - Chrome Browser Opened
01-28-2022 13:56:14 BaseClass.java INFO  [main] BANKING 64 - URL Opened
01-28-2022 13:56:14 TC_AddCustomerTest_003.java INFO  [main] BANKING 18 - Entered Username
01-28-2022 13:56:14 TC_AddCustomerTest_003.java INFO  [main] BANKING 21 - Entered Password
01-28-2022 13:56:15 TC_AddCustomerTest_003.java INFO  [main] BANKING 24 - User Logged In
01-28-2022 13:56:18 TC_AddCustomerTest_003.java INFO  [main] BANKING 32 - Providing Customer Details.....
01-28-2022 13:56:30 TC_AddCustomerTest_003.java INFO  [main] BANKING 50 - Validation Started...
01-28-2022 13:56:30 TC_AddCustomerTest_003.java INFO  [main] BANKING 57 - Test Passed
]]></system-out>
    <system-err><![CDATA[log4j:ERROR Could not find value for key log4j.appender.CONSOLE
log4j:ERROR Could not instantiate appender named "CONSOLE".
Starting ChromeDriver 97.0.4692.71 (adefa7837d02a07a604c1e6eff0b3a09422ab88d-refs/branch-heads/4692@{#1247}) on port 32537
Only local connections are allowed.
Please see https://chromedriver.chromium.org/security-considerations for suggestions on keeping ChromeDriver safe.
ChromeDriver was started successfully.
Jan 28, 2022 1:56:11 PM org.openqa.selenium.remote.ProtocolHandshake createSession
INFO: Detected dialect: W3C
]]></system-err>
  </testcase>
</testsuite>