<?xml version="1.0" encoding="UTF-8"?>
<testng-results ignored="0" total="2" passed="2" failed="0" skipped="0">
  <reporter-output>
  </reporter-output>
  <suite started-at="2022-01-28T13:55:59 IST" name="Banking" finished-at="2022-01-28T13:56:30 IST" duration-ms="31308">
    <groups>
    </groups>
    <test started-at="2022-01-28T13:55:59 IST" name="Banking Application Test" finished-at="2022-01-28T13:56:30 IST" duration-ms="31308">
      <class name="com.banking.testCases.TC_AddCustomerTest_003">
        <test-method is-config="true" signature="setUp(java.lang.String)[pri:0, instance:com.banking.testCases.TC_AddCustomerTest_003@3d5c822d]" started-at="2022-01-28T13:56:10 IST" name="setUp" finished-at="2022-01-28T13:56:14 IST" duration-ms="4395" status="PASS">
          <params>
            <param index="0">
              <value>
                <![CDATA[chrome]]>
              </value>
            </param>
          </params>
          <reporter-output>
          </reporter-output>
        </test-method> <!-- setUp -->
        <test-method signature="addNewCustomer()[pri:0, instance:com.banking.testCases.TC_AddCustomerTest_003@3d5c822d]" started-at="2022-01-28T13:56:14 IST" name="addNewCustomer" finished-at="2022-01-28T13:56:30 IST" duration-ms="16177" status="PASS">
          <reporter-output>
          </reporter-output>
        </test-method> <!-- addNewCustomer -->
        <test-method is-config="true" signature="teardown()[pri:0, instance:com.banking.testCases.TC_AddCustomerTest_003@3d5c822d]" started-at="2022-01-28T13:56:30 IST" name="teardown" finished-at="2022-01-28T13:56:30 IST" duration-ms="58" status="PASS">
          <reporter-output>
          </reporter-output>
        </test-method> <!-- teardown -->
      </class> <!-- com.banking.testCases.TC_AddCustomerTest_003 -->
      <class name="com.banking.testCases.TC_LoginTest_001">
        <test-method is-config="true" signature="setUp(java.lang.String)[pri:0, instance:com.banking.testCases.TC_LoginTest_001@4d02f94e]" started-at="2022-01-28T13:55:59 IST" name="setUp" finished-at="2022-01-28T13:56:08 IST" duration-ms="9182" status="PASS">
          <params>
            <param index="0">
              <value>
                <![CDATA[chrome]]>
              </value>
            </param>
          </params>
          <reporter-output>
          </reporter-output>
        </test-method> <!-- setUp -->
        <test-method signature="LoginTest()[pri:0, instance:com.banking.testCases.TC_LoginTest_001@4d02f94e]" started-at="2022-01-28T13:56:08 IST" name="LoginTest" finished-at="2022-01-28T13:56:10 IST" duration-ms="1265" status="PASS">
          <reporter-output>
          </reporter-output>
        </test-method> <!-- LoginTest -->
        <test-method is-config="true" signature="teardown()[pri:0, instance:com.banking.testCases.TC_LoginTest_001@4d02f94e]" started-at="2022-01-28T13:56:10 IST" name="teardown" finished-at="2022-01-28T13:56:10 IST" duration-ms="72" status="PASS">
          <reporter-output>
          </reporter-output>
        </test-method> <!-- teardown -->
      </class> <!-- com.banking.testCases.TC_LoginTest_001 -->
    </test> <!-- Banking Application Test -->
  </suite> <!-- Banking -->
</testng-results>
